<?xml version="1.0" encoding="UTF-8"?>
<!-- Generated by org.testng.reporters.JUnitReportReporter -->
<testsuite hostname="MSI" failures="0" tests="4" name="cucumberOptions.FailedTestRunner" time="47.532" errors="0" timestamp="2024-01-09T09:34:45 MST" skipped="0">
  <testcase classname="cucumberOptions.FailedTestRunner" name="runScenario" time="11.761"/>
  <testcase classname="cucumberOptions.FailedTestRunner" name="runScenario" time="11.577"/>
  <testcase classname="cucumberOptions.FailedTestRunner" name="runScenario" time="12.154"/>
  <testcase classname="cucumberOptions.FailedTestRunner" name="runScenario" time="12.040"/>
</testsuite> <!-- cucumberOptions.FailedTestRunner -->
